<?xml version="1.0" encoding="UTF-8"?>
<!-- Generated by org.testng.reporters.JUnitReportReporter -->
<testsuite hostname="arbazjalshi" failures="0" tests="4" name="api.test.UserTests" time="11.163" errors="0" timestamp="2023-09-06T22:09:06 IST" skipped="0">
  <testcase classname="api.test.UserTests" name="testPostUser" time="3.340"/>
  <testcase classname="api.test.UserTests" name="testGetUserByName" time="1.942"/>
  <testcase classname="api.test.UserTests" name="testUpdateUser" time="4.363"/>
  <testcase classname="api.test.UserTests" name="testDeleteUser" time="1.518"/>
</testsuite> <!-- api.test.UserTests -->
