<?xml version="1.0" encoding="UTF-8"?>
<!-- Generated by org.testng.reporters.JUnitReportReporter -->
<testsuite hostname="arbazjalshi" failures="0" tests="4" name="api.test.PetTest" time="7.047" errors="0" timestamp="2023-09-06T22:09:06 IST" skipped="0">
  <testcase classname="api.test.PetTest" name="testPostPet" time="1.566"/>
  <testcase classname="api.test.PetTest" name="testGetPetByID" time="1.513"/>
  <testcase classname="api.test.PetTest" name="testUpdatePet" time="2.507"/>
  <testcase classname="api.test.PetTest" name="testDeletePet" time="1.461"/>
</testsuite> <!-- api.test.PetTest -->
